<?xml version="1.0" encoding="UTF-8"?>
<!-- Generated by org.testng.reporters.JUnitReportReporter -->
<testsuite hostname="DESKTOP-3DAL35K" failures="0" tests="10" name="TestNgSessions.InvocationCount" time="0.028" errors="0" timestamp="2023-07-26T16:38:42 IST" skipped="0">
  <testcase classname="TestNgSessions.InvocationCount" name="createUser" time="0.001"/>
  <system-out/>
  <testcase classname="TestNgSessions.InvocationCount" name="createUser" time="0.003"/>
  <system-out/>
  <testcase classname="TestNgSessions.InvocationCount" name="createUser" time="0.001"/>
  <system-out/>
  <testcase classname="TestNgSessions.InvocationCount" name="createUser" time="0.002"/>
  <system-out/>
  <testcase classname="TestNgSessions.InvocationCount" name="createUser" time="0.002"/>
  <system-out/>
  <testcase classname="TestNgSessions.InvocationCount" name="createUser" time="0.014"/>
  <system-out/>
  <testcase classname="TestNgSessions.InvocationCount" name="createUser" time="0.001"/>
  <system-out/>
  <testcase classname="TestNgSessions.InvocationCount" name="createUser" time="0.001"/>
  <system-out/>
  <testcase classname="TestNgSessions.InvocationCount" name="createUser" time="0.001"/>
  <system-out/>
  <testcase classname="TestNgSessions.InvocationCount" name="createUser" time="0.002"/>
  <system-out/>
</testsuite> <!-- TestNgSessions.InvocationCount -->
