<?xml version="1.0" encoding="UTF-8"?>
<!-- Generated by org.testng.reporters.JUnitReportReporter -->
<testsuite hostname="DESKTOP-3DAL35K" failures="0" tests="3" name="TestNgSessions.LoginPageTest" time="0.014" errors="0" timestamp="2023-07-26T14:38:00 IST" skipped="0">
  <testcase classname="TestNgSessions.LoginPageTest" name="homePageTitleTest" time="0.004"/>
  <system-out/>
  <testcase classname="TestNgSessions.LoginPageTest" name="homePageURLTest" time="0.002"/>
  <system-out/>
  <testcase classname="TestNgSessions.LoginPageTest" name="homePageSearchTest" time="0.008"/>
  <system-out/>
</testsuite> <!-- TestNgSessions.LoginPageTest -->
